==3259306== Memcheck, a memory error detector
==3259306== Copyright (C) 2002-2022, and GNU GPL'd, by Julian Seward et al.
==3259306== Using Valgrind-3.19.0 and LibVEX; rerun with -h for copyright info
==3259306== Command: ./parser
==3259306== Parent PID: 3094409
==3259306== 
==3259306== 
==3259306== Process terminating with default action of signal 2 (SIGINT)
==3259306==    at 0x5896C95: read (in /usr/lib64/libc-2.28.so)
==3259306==    by 0x5809C07: _IO_file_underflow@@GLIBC_2.2.5 (in /usr/lib64/libc-2.28.so)
==3259306==    by 0x580AD65: _IO_default_uflow (in /usr/lib64/libc-2.28.so)
==3259306==    by 0x4F3BDA0: __gnu_cxx::stdio_sync_filebuf<char, std::char_traits<char> >::underflow() (in /usr/lib64/libstdc++.so.6.0.25)
==3259306==    by 0x4EF8298: std::basic_istream<char, std::char_traits<char> >& std::getline<char, std::char_traits<char>, std::allocator<char> >(std::basic_istream<char, std::char_traits<char> >&, std::__cxx11::basic_string<char, std::char_traits<char>, std::allocator<char> >&, char) (in /usr/lib64/libstdc++.so.6.0.25)
==3259306==    by 0x402A92: main (parser.cpp:429)
==3259306== 
==3259306== HEAP SUMMARY:
==3259306==     in use at exit: 74,752 bytes in 3 blocks
==3259306==   total heap usage: 3 allocs, 0 frees, 74,752 bytes allocated
==3259306== 
==3259306== LEAK SUMMARY:
==3259306==    definitely lost: 0 bytes in 0 blocks
==3259306==    indirectly lost: 0 bytes in 0 blocks
==3259306==      possibly lost: 0 bytes in 0 blocks
==3259306==    still reachable: 74,752 bytes in 3 blocks
==3259306==         suppressed: 0 bytes in 0 blocks
==3259306== Reachable blocks (those to which a pointer was found) are not shown.
==3259306== To see them, rerun with: --leak-check=full --show-leak-kinds=all
==3259306== 
==3259306== For lists of detected and suppressed errors, rerun with: -s
==3259306== ERROR SUMMARY: 0 errors from 0 contexts (suppressed: 0 from 0)
