==243821== Memcheck, a memory error detector
==243821== Copyright (C) 2002-2022, and GNU GPL'd, by Julian Seward et al.
==243821== Using Valgrind-3.19.0 and LibVEX; rerun with -h for copyright info
==243821== Command: ./main
==243821== Parent PID: 242879
==243821== 
==243821== 
==243821== Process terminating with default action of signal 2 (SIGINT)
==243821==    at 0x403225: QueueList::get_items() (QueueList.cpp:47)
==243821==    by 0x4038C8: RegisterList::get_min_items_register() (RegisterList.cpp:38)
==243821==    by 0x402108: addCustomer(std::__cxx11::basic_stringstream<char, std::char_traits<char>, std::allocator<char> >&, std::__cxx11::basic_string<char, std::char_traits<char>, std::allocator<char> >) (main.cpp:352)
==243821==    by 0x401558: main (main.cpp:76)
==243821== 
==243821== HEAP SUMMARY:
==243821==     in use at exit: 75,303 bytes in 23 blocks
==243821==   total heap usage: 26 allocs, 3 frees, 75,377 bytes allocated
==243821== 
==243821== LEAK SUMMARY:
==243821==    definitely lost: 0 bytes in 0 blocks
==243821==    indirectly lost: 0 bytes in 0 blocks
==243821==      possibly lost: 0 bytes in 0 blocks
==243821==    still reachable: 75,303 bytes in 23 blocks
==243821==         suppressed: 0 bytes in 0 blocks
==243821== Reachable blocks (those to which a pointer was found) are not shown.
==243821== To see them, rerun with: --leak-check=full --show-leak-kinds=all
==243821== 
==243821== For lists of detected and suppressed errors, rerun with: -s
==243821== ERROR SUMMARY: 0 errors from 0 contexts (suppressed: 0 from 0)
